[logging] tee enabled log_file=/Users/helios/rotation-detection/runs/smoke_tee_exp/run.log
[experiment] run_dir=/Users/helios/rotation-detection/runs/smoke_tee_exp
[logging] tee enabled log_file=/Users/helios/rotation-detection/runs/smoke_tee_exp/dataset/dataset.log
[dataset] run_dir=/Users/helios/rotation-detection/runs/smoke_tee_exp/dataset
[dataset] start split=test doc_id=6c199e86-deaf-48f0-ab1a-c21b10a17c3e-073482be5d target_pages=1
[dataset] progress doc_id=6c199e86-deaf-48f0-ab1a-c21b10a17c3e-073482be5d split=test doc_pages=1/1 overall=1/9 rate_pps=5.55
[dataset] done split=test doc_id=6c199e86-deaf-48f0-ab1a-c21b10a17c3e-073482be5d pages=1 elapsed_s=0.2
[dataset] start split=val doc_id=EW-2-22626634-bd3f678897 target_pages=1
[dataset] progress doc_id=EW-2-22626634-bd3f678897 split=val doc_pages=1/1 overall=2/9 rate_pps=6.77
[dataset] done split=val doc_id=EW-2-22626634-bd3f678897 pages=1 elapsed_s=0.1
[dataset] start split=train doc_id=EW-2-22696801-705c326024 target_pages=1
[dataset] progress doc_id=EW-2-22696801-705c326024 split=train doc_pages=1/1 overall=3/9 rate_pps=7.51
[dataset] done split=train doc_id=EW-2-22696801-705c326024 pages=1 elapsed_s=0.1
[dataset] start split=train doc_id=EW-2-22697100-11c88f020b target_pages=1
[dataset] progress doc_id=EW-2-22697100-11c88f020b split=train doc_pages=1/1 overall=4/9 rate_pps=7.44
[dataset] done split=train doc_id=EW-2-22697100-11c88f020b pages=1 elapsed_s=0.1
[dataset] start split=train doc_id=EW-2-22697155-5c367b1d0d target_pages=1
[dataset] progress doc_id=EW-2-22697155-5c367b1d0d split=train doc_pages=1/1 overall=5/9 rate_pps=8.09
[dataset] done split=train doc_id=EW-2-22697155-5c367b1d0d pages=1 elapsed_s=0.1
[dataset] start split=train doc_id=EW-2-22697411-e1a0161a7a target_pages=1
[dataset] progress doc_id=EW-2-22697411-e1a0161a7a split=train doc_pages=1/1 overall=6/9 rate_pps=8.53
[dataset] done split=train doc_id=EW-2-22697411-e1a0161a7a pages=1 elapsed_s=0.1
[dataset] start split=train doc_id=EW-2-22714892-06e937c20d target_pages=1
[dataset] progress doc_id=EW-2-22714892-06e937c20d split=train doc_pages=1/1 overall=7/9 rate_pps=8.68
[dataset] done split=train doc_id=EW-2-22714892-06e937c20d pages=1 elapsed_s=0.1
[dataset] start split=train doc_id=BI-Serrano-medical-records-512b805074 target_pages=1
[dataset] progress doc_id=BI-Serrano-medical-records-512b805074 split=train doc_pages=1/1 overall=8/9 rate_pps=8.93
[dataset] done split=train doc_id=BI-Serrano-medical-records-512b805074 pages=1 elapsed_s=0.1
[dataset] start split=train doc_id=BI-Serrano-medical-records-_p0001-0060_p-41984ec981 target_pages=1
[dataset] progress doc_id=BI-Serrano-medical-records-_p0001-0060_p-41984ec981 split=train doc_pages=1/1 overall=9/9 rate_pps=9.23
[dataset] done split=train doc_id=BI-Serrano-medical-records-_p0001-0060_p-41984ec981 pages=1 elapsed_s=0.1
[dataset] completed total_pages=9 elapsed_s=1.0 avg_pps=8.94
Dataset created: /Users/helios/rotation-detection/runs/smoke_tee_exp/dataset
Documents: 9
Split train: docs=7 pages=7
Split val: docs=1 pages=1
Split test: docs=1 pages=1
All labels: /Users/helios/rotation-detection/runs/smoke_tee_exp/dataset/labels.all.jsonl
Manifest: /Users/helios/rotation-detection/runs/smoke_tee_exp/dataset/manifest.json
[logging] tee enabled log_file=/Users/helios/rotation-detection/runs/smoke_tee_exp/predictions.heuristic.jsonl.log
[detect] output=/Users/helios/rotation-detection/runs/smoke_tee_exp/predictions.heuristic.jsonl
[detect] start method=heuristic targets=1 total_pages=1
[detect] progress method=heuristic overall=1/1 rate_pps=32.23
detected doc_id=6c199e86-deaf-48f0-ab1a-c21b10a17c3e-073482be5d pages=1 elapsed_s=0.0 pdf=/Users/helios/rotation-detection/runs/smoke_tee_exp/dataset/test/pdfs/6c199e86-deaf-48f0-ab1a-c21b10a17c3e-073482be5d.pdf
[detect] completed method=heuristic pages=1 elapsed_s=0.0 avg_pps=31.96
Predictions written: /Users/helios/rotation-detection/runs/smoke_tee_exp/predictions.heuristic.jsonl
[logging] tee enabled log_file=/Users/helios/rotation-detection/runs/smoke_tee_exp/report.heuristic.eval.log
[eval] manifest=/Users/helios/rotation-detection/runs/smoke_tee_exp/dataset/test/manifest.json
[eval] predictions=/Users/helios/rotation-detection/runs/smoke_tee_exp/predictions.heuristic.jsonl
Evaluation report: /Users/helios/rotation-detection/runs/smoke_tee_exp/report.heuristic.json
accuracy=1.0000 found=1/1 correct=1
[logging] tee enabled log_file=/Users/helios/rotation-detection/runs/smoke_tee_exp/models/orientation_cnn.train.log
[train] checkpoint=/Users/helios/rotation-detection/runs/smoke_tee_exp/models/orientation_cnn.pt
[train] rows train=7 val=1
