[logging] tee enabled log_file=/Users/helios/rotation-detection/runs/scaleup_progress_v3/stage01_cap400/run.log
[experiment] run_dir=/Users/helios/rotation-detection/runs/scaleup_progress_v3/stage01_cap400
[logging] tee enabled log_file=/Users/helios/rotation-detection/runs/scaleup_progress_v3/stage01_cap400/dataset/dataset.log
[dataset] run_dir=/Users/helios/rotation-detection/runs/scaleup_progress_v3/stage01_cap400/dataset
[dataset] start split=train doc_id=6c199e86-deaf-48f0-ab1a-c21b10a17c3e-073482be5d target_pages=400
[dataset] progress doc_id=6c199e86-deaf-48f0-ab1a-c21b10a17c3e-073482be5d split=train doc_pages=250/400 overall=250/2671 rate_pps=7.83
[dataset] done split=train doc_id=6c199e86-deaf-48f0-ab1a-c21b10a17c3e-073482be5d pages=400 elapsed_s=50.1
[dataset] start split=train doc_id=EW-2-22626634-bd3f678897 target_pages=400
[dataset] progress doc_id=EW-2-22626634-bd3f678897 split=train doc_pages=250/400 overall=650/2671 rate_pps=8.94
[dataset] done split=train doc_id=EW-2-22626634-bd3f678897 pages=400 elapsed_s=31.6
[dataset] start split=test doc_id=EW-2-22696801-705c326024 target_pages=400
[dataset] progress doc_id=EW-2-22696801-705c326024 split=test doc_pages=250/400 overall=1050/2671 rate_pps=9.70
[dataset] done split=test doc_id=EW-2-22696801-705c326024 pages=400 elapsed_s=40.0
[dataset] start split=train doc_id=EW-2-22697100-11c88f020b target_pages=52
[dataset] done split=train doc_id=EW-2-22697100-11c88f020b pages=52 elapsed_s=6.3
[dataset] start split=val doc_id=EW-2-22697155-5c367b1d0d target_pages=400
[dataset] progress doc_id=EW-2-22697155-5c367b1d0d split=val doc_pages=250/400 overall=1502/2671 rate_pps=8.03
[dataset] done split=val doc_id=EW-2-22697155-5c367b1d0d pages=400 elapsed_s=78.9
[dataset] start split=train doc_id=EW-2-22697411-e1a0161a7a target_pages=293
[dataset] progress doc_id=EW-2-22697411-e1a0161a7a split=train doc_pages=250/293 overall=1902/2671 rate_pps=8.15
[dataset] done split=train doc_id=EW-2-22697411-e1a0161a7a pages=293 elapsed_s=31.6
[dataset] start split=train doc_id=EW-2-22714892-06e937c20d target_pages=175
[dataset] done split=train doc_id=EW-2-22714892-06e937c20d pages=175 elapsed_s=25.2
[dataset] start split=train doc_id=BI-Serrano-medical-records-512b805074 target_pages=400
[dataset] progress doc_id=BI-Serrano-medical-records-512b805074 split=train doc_pages=250/400 overall=2370/2671 rate_pps=8.23
[dataset] done split=train doc_id=BI-Serrano-medical-records-512b805074 pages=400 elapsed_s=35.4
[dataset] start split=train doc_id=BI-Serrano-medical-records-_p0001-0060_p-41984ec981 target_pages=151
[dataset] done split=train doc_id=BI-Serrano-medical-records-_p0001-0060_p-41984ec981 pages=151 elapsed_s=13.7
[dataset] completed total_pages=2671 elapsed_s=312.8 avg_pps=8.54
Dataset created: /Users/helios/rotation-detection/runs/scaleup_progress_v3/stage01_cap400/dataset
Documents: 9
Split train: docs=7 pages=1871
Split val: docs=1 pages=400
Split test: docs=1 pages=400
All labels: /Users/helios/rotation-detection/runs/scaleup_progress_v3/stage01_cap400/dataset/labels.all.jsonl
Manifest: /Users/helios/rotation-detection/runs/scaleup_progress_v3/stage01_cap400/dataset/manifest.json
[logging] tee enabled log_file=/Users/helios/rotation-detection/runs/scaleup_progress_v3/stage01_cap400/predictions.heuristic.jsonl.log
[detect] output=/Users/helios/rotation-detection/runs/scaleup_progress_v3/stage01_cap400/predictions.heuristic.jsonl
[detect] start method=heuristic targets=1 total_pages=400
[detect] progress method=heuristic overall=250/400 rate_pps=43.93
detected doc_id=EW-2-22696801-705c326024 pages=400 elapsed_s=9.2 pdf=/Users/helios/rotation-detection/runs/scaleup_progress_v3/stage01_cap400/dataset/test/pdfs/EW-2-22696801-705c326024.pdf
[detect] completed method=heuristic pages=400 elapsed_s=9.2 avg_pps=43.56
Predictions written: /Users/helios/rotation-detection/runs/scaleup_progress_v3/stage01_cap400/predictions.heuristic.jsonl
[logging] tee enabled log_file=/Users/helios/rotation-detection/runs/scaleup_progress_v3/stage01_cap400/report.heuristic.eval.log
[eval] manifest=/Users/helios/rotation-detection/runs/scaleup_progress_v3/stage01_cap400/dataset/test/manifest.json
[eval] predictions=/Users/helios/rotation-detection/runs/scaleup_progress_v3/stage01_cap400/predictions.heuristic.jsonl
Evaluation report: /Users/helios/rotation-detection/runs/scaleup_progress_v3/stage01_cap400/report.heuristic.json
accuracy=0.3350 found=400/400 correct=134
[logging] tee enabled log_file=/Users/helios/rotation-detection/runs/scaleup_progress_v3/stage01_cap400/models/orientation_cnn.train.log
[train] checkpoint=/Users/helios/rotation-detection/runs/scaleup_progress_v3/stage01_cap400/models/orientation_cnn.pt
[train] rows train=1871 val=400
[train] num_workers>0 requested but shared-memory workers are unstable in this environment; falling back to num_workers=0
[train] epoch=001 batch=20/20 loss=1.1201 acc=0.5553
[val] epoch=001 batch=5/5 loss=1.3328 acc=0.3550
epoch=001 train_loss=1.1201 train_acc=0.5553 val_loss=1.3328 val_acc=0.3550
[train] epoch=002 batch=20/20 loss=0.8609 acc=0.7119
[val] epoch=002 batch=5/5 loss=0.9907 acc=0.6675
epoch=002 train_loss=0.8609 train_acc=0.7119 val_loss=0.9907 val_acc=0.6675
[train] epoch=003 batch=20/20 loss=0.6600 acc=0.8386
[val] epoch=003 batch=5/5 loss=0.6534 acc=0.8300
epoch=003 train_loss=0.6600 train_acc=0.8386 val_loss=0.6534 val_acc=0.8300
best_val_accuracy=0.8300 checkpoint=/Users/helios/rotation-detection/runs/scaleup_progress_v3/stage01_cap400/models/orientation_cnn.pt
Training report: /Users/helios/rotation-detection/runs/scaleup_progress_v3/stage01_cap400/models/orientation_cnn.report.json
[logging] tee enabled log_file=/Users/helios/rotation-detection/runs/scaleup_progress_v3/stage01_cap400/predictions.torch.jsonl.log
[detect] output=/Users/helios/rotation-detection/runs/scaleup_progress_v3/stage01_cap400/predictions.torch.jsonl
[detect] start method=torch targets=1 total_pages=400
[detect] progress method=torch overall=250/400 rate_pps=94.21
detected doc_id=EW-2-22696801-705c326024 pages=400 elapsed_s=4.1 pdf=/Users/helios/rotation-detection/runs/scaleup_progress_v3/stage01_cap400/dataset/test/pdfs/EW-2-22696801-705c326024.pdf
[detect] completed method=torch pages=400 elapsed_s=4.1 avg_pps=98.16
Predictions written: /Users/helios/rotation-detection/runs/scaleup_progress_v3/stage01_cap400/predictions.torch.jsonl
[logging] tee enabled log_file=/Users/helios/rotation-detection/runs/scaleup_progress_v3/stage01_cap400/report.torch.eval.log
[eval] manifest=/Users/helios/rotation-detection/runs/scaleup_progress_v3/stage01_cap400/dataset/test/manifest.json
[eval] predictions=/Users/helios/rotation-detection/runs/scaleup_progress_v3/stage01_cap400/predictions.torch.jsonl
Evaluation report: /Users/helios/rotation-detection/runs/scaleup_progress_v3/stage01_cap400/report.torch.json
accuracy=0.9175 found=400/400 correct=367
Experiment summary: /Users/helios/rotation-detection/runs/scaleup_progress_v3/stage01_cap400/summary.json
