[logging] tee enabled log_file=/Users/helios/rotation-detection/runs/smoke_stratified_uniform/dataset.log
[dataset] run_dir=/Users/helios/rotation-detection/runs/smoke_stratified_uniform
[dataset] multiprocessing start_method=spawn workers=12 max_workers_cap=12
[dataset] documents:   0%|          | 0/49 [00:00<?, ?doc/s]
[dataset] pages:   0%|          | 0/196 [00:00<?, ?page/s][A[dataset] skipped split=val doc_id=EW-2-22626634-4906a3cfbb pages=0
[dataset] skipped split=train doc_id=EW-2-22696801-c1adca76ae pages=0
[dataset] skipped split=val doc_id=EW-2-22697155-5c367b1d0d pages=0
[dataset] skipped split=train doc_id=EW-2-22714892-06e937c20d pages=0
[dataset] skipped split=train doc_id=EW-2-22734634-1209455-1-86a491ace2 pages=0
[dataset] skipped split=train doc_id=EW-2-22696428-1213547-1-851faf7efd pages=0
[dataset] skipped split=train doc_id=6c199e86-deaf-48f0-ab1a-c21b10a17c3e-073482be5d pages=0
[dataset] skipped split=test doc_id=EW-2-22697411-e1a0161a7a pages=0
[dataset] skipped split=test doc_id=EW-2-22749098-1210016-2-bc0f64f4b3 pages=0
[dataset] skipped split=train doc_id=EW-2-22749958-1210130-1-1452392dd3 pages=0
[dataset] skipped split=test doc_id=EW-2-22750671-1213654-1-01f584dc58 pages=0
[dataset] skipped split=train doc_id=EW-2-22749098-1210016-1-7ef775b29d pages=0
[dataset] skipped split=train doc_id=EW-2-22734634-1209455-2-37425b0857 pages=0
[dataset] skipped split=train doc_id=EW-2-22761468-1215221-1-629385f3e2 pages=0
[dataset] skipped split=val doc_id=EW-2-22744759-1212266-2-100ef63551 pages=0
[dataset] skipped split=train doc_id=EW-2-22756050-1214632-2-b6f4dae6e0 pages=0
[dataset] skipped split=val doc_id=EW-2-22762720-1211783-1-0a483f586b pages=0
[dataset] skipped split=train doc_id=EW-2-22749958-1210130-2-76e9bb1536 pages=0
[dataset] skipped split=test doc_id=EW-2-22765187-1212241-2-431c70469e pages=0
[dataset] done split=train doc_id=EW-2-22744759-1212266-1-d8f40c6802 pages=1 elapsed_s=0.3
[dataset] skipped split=val doc_id=EW-2-22765157-1213045-2-1233915842 pages=0
[dataset] skipped split=train doc_id=EW-2-22771512-1211938-1-f02ebffa0c pages=0
[dataset] skipped split=train doc_id=EW-2-22765157-1213045-1-ebf365858e pages=0
[dataset] skipped split=val doc_id=EW-2-22765187-1212241-1-30bcaf7bba pages=0
[dataset] skipped split=train doc_id=EW-2-22771512-1211938-2-3ac2f8cdf8 pages=0
[dataset] done split=test doc_id=EW-2-22756050-1214632-1-e6b67e0a69 pages=1 elapsed_s=0.1
[dataset] skipped split=train doc_id=EW-2-22772688-1214689-1-5b54ca5e16 pages=0
[dataset] done split=train doc_id=EW-2-22762720-1211783-2-4856d68dd3 pages=1 elapsed_s=0.1
[dataset] documents:  59%|â–ˆâ–ˆâ–ˆâ–ˆâ–ˆâ–‰    | 29/49 [00:00<00:00, 57.74doc/s]
[dataset] pages:   2%|â–         | 4/196 [00:00<00:24,  7.96page/s][A[dataset] done split=val doc_id=EW-2-22697100-3e06bcb90c pages=1 elapsed_s=0.4
[dataset] skipped split=val doc_id=EW-2-22772688-1214689-2-11c3317139 pages=0
[dataset] skipped split=test doc_id=EW-2-22781816-1212678-1-cb668b7735 pages=0
[dataset] skipped split=test doc_id=EW-2-22777487-1216213-2-6a7894abea pages=0
[dataset] done split=test doc_id=EW-2-22777487-1216213-1-d1cce6f3b0 pages=1 elapsed_s=0.1
[dataset] skipped split=train doc_id=EW-2-22784089-1215142-1-a12f5b178d pages=0
[dataset] skipped split=val doc_id=EW-2-22781816-1212678-2-637b148bcc pages=0
[dataset] skipped split=train doc_id=EW-2-22761468-1215221-2-662656a616 pages=0
[dataset] done split=train doc_id=EW-2-22696428-1213547-2-f6bd932709 pages=4 elapsed_s=0.4
[dataset] skipped split=train doc_id=EW-2-22783818-1214336-1-470830634d pages=0
[dataset] skipped split=train doc_id=EW-2-22783818-1214336-2-f1ca841e7c pages=0
[dataset] skipped split=train doc_id=EW-2-22784200-1215157-1-ce3d96da77 pages=0
[dataset] done split=test doc_id=EW-2-22784089-1215142-2-769ec9e886 pages=1 elapsed_s=0.1
[dataset] progress overall=10/196 rate_pps=16.57
[dataset] skipped split=train doc_id=EW-20-22771609-1213135-1-122f5960c6 pages=0
[dataset] skipped split=test doc_id=EW-20-22771609-1213135-2-376e8a0009 pages=0
[dataset] done split=train doc_id=EW-2-22774058-1216031-1-ad9cd6f12f pages=1 elapsed_s=0.1
[dataset] skipped split=train doc_id=EW-2-22750671-1213654-2-e5ab33af9e pages=0
[dataset] done split=train doc_id=EW-2-22774058-1216031-2-6d0e5d1210 pages=1 elapsed_s=0.1
[dataset] skipped split=train doc_id=EW-2-22784200-1215157-2-5432dbdf7d pages=0
[dataset] skipped split=val doc_id=BI-Serrano-medical-records-_p0001-0060_p-41984ec981 pages=0
[dataset] skipped split=train doc_id=BI-Serrano-medical-records-512b805074 pages=0
[dataset] documents: 100%|â–ˆâ–ˆâ–ˆâ–ˆâ–ˆâ–ˆâ–ˆâ–ˆâ–ˆâ–ˆ| 49/49 [00:00<00:00, 71.89doc/s]
[dataset] pages:   6%|â–Œ         | 12/196 [00:00<00:10, 17.61page/s]
[dataset] completed total_pages=12 elapsed_s=0.7 avg_pps=17.04
Dataset created: /Users/helios/rotation-detection/runs/smoke_stratified_uniform
Documents: 9
Split train: docs=5 pages=8
Split val: docs=1 pages=1
Split test: docs=3 pages=3
All labels: /Users/helios/rotation-detection/runs/smoke_stratified_uniform/labels.all.jsonl
Manifest: /Users/helios/rotation-detection/runs/smoke_stratified_uniform/manifest.json
